<?xml version="1.0" encoding="UTF-8"?>
<testng-results skipped="0" failed="0" ignored="0" total="2" passed="2">
  <reporter-output>
  </reporter-output>
  <suite name="All Test Suite" duration-ms="30" started-at="2020-03-11T00:47:52 ICT" finished-at="2020-03-11T00:47:52 ICT">
    <groups>
    </groups>
    <test name="/Users/reinz/Desktop/JenkinsDemo/src/test/java" duration-ms="30" started-at="2020-03-11T00:47:52 ICT" finished-at="2020-03-11T00:47:52 ICT">
      <class name="testcase.testCase1">
        <test-method status="PASS" signature="thisIsPassedCase()[pri:0, instance:testcase.testCase1@3327bd23]" name="thisIsPassedCase" duration-ms="4" started-at="2020-03-11T00:47:52 ICT" finished-at="2020-03-11T00:47:52 ICT">
          <reporter-output>
          </reporter-output>
        </test-method> <!-- thisIsPassedCase -->
        <test-method status="PASS" signature="thisIsFailedCase()[pri:0, instance:testcase.testCase1@3327bd23]" name="thisIsFailedCase" duration-ms="1" started-at="2020-03-11T00:47:52 ICT" finished-at="2020-03-11T00:47:52 ICT">
          <reporter-output>
          </reporter-output>
        </test-method> <!-- thisIsFailedCase -->
      </class> <!-- testcase.testCase1 -->
    </test> <!-- /Users/reinz/Desktop/JenkinsDemo/src/test/java -->
  </suite> <!-- All Test Suite -->
</testng-results>
