<?xml version="1.0" encoding="UTF-8"?>
<!-- Generated by org.testng.reporters.JUnitXMLReporter -->
<testsuite hostname="Nguyens-MacBook-Pro-2.local" ignored="0" name="/Users/reinz/Desktop/JenkinsDemo/src/test/java" tests="2" failures="0" timestamp="2020-03-10T23:48:33 ICT" time="0.036" errors="0">
  <testcase name="thisIsPassedCase" time="0.004" classname="testcase.testCase1"/>
  <testcase name="thisIsFailedCase" time="0.0" classname="testcase.testCase1"/>
</testsuite> <!-- /Users/reinz/Desktop/JenkinsDemo/src/test/java -->
